This file contains any messages produced by compilers while
running configure, to aid debugging if configure makes a mistake.

It was created by libfproj4 configure 1.0, which was
generated by GNU Autoconf 2.63.  Invocation command line was

  $ ./configure CPPFLAGS=-DIFORT   CC=mpicc CFLAGS=-O3 CXX=mpicxx CXXFLAGS=-O3 FC=mpif90 FFLAGS=-O3 --with-proj4=/data00/gpgao/FVCOM/Test_ice_1D/FVCOM31_source/libs/install --prefix=/data00/gpgao/FVCOM/Test_ice_1D/FVCOM31_source/libs/install --no-create --no-recursion

## --------- ##
## Platform. ##
## --------- ##

hostname = localhost.localdomain
uname -m = x86_64
uname -r = 2.6.32-220.el6.x86_64
uname -s = Linux
uname -v = #1 SMP Tue Dec 6 19:48:22 GMT 2011

/usr/bin/uname -p = unknown
/bin/uname -X     = unknown

/bin/arch              = x86_64
/usr/bin/arch -k       = unknown
/usr/convex/getsysinfo = unknown
/usr/bin/hostinfo      = unknown
/bin/machine           = unknown
/usr/bin/oslevel       = unknown
/bin/universe          = unknown

PATH: /opt/intel/composer_xe_2011_sp1.7.256/bin/intel64
PATH: /opt/intel/composer_xe_2011_sp1.8.273/bin/intel64
PATH: /usr/local/bin/
PATH: /usr/bin
PATH: /opt/intel/composer_xe_2011_sp1.7.256/bin/intel64
PATH: /opt/intel/composer_xe_2011_sp1.8.273/bin/intel64
PATH: /opt/intel/composer_xe_2011_sp1.7.256/compiler/lib/intel64/
PATH: /opt/intel/composer_xe_2011_sp1.8.273/compiler/lib/intel64/
PATH: /opt/mpich2-1.4.1p1/bin/
PATH: /usr/bin
PATH: /opt/intel/composer_xe_2011_sp1.7.256/bin/intel64
PATH: /opt/intel/composer_xe_2011_sp1.8.273/bin/intel64
PATH: /usr/local/bin/
PATH: /usr/bin
PATH: /opt/intel/composer_xe_2011_sp1.7.256/bin/intel64
PATH: /opt/intel/composer_xe_2011_sp1.8.273/bin/intel64
PATH: /opt/intel/composer_xe_2011_sp1.7.256/compiler/lib/intel64/
PATH: /opt/intel/composer_xe_2011_sp1.8.273/compiler/lib/intel64/
PATH: /opt/mpich2-1.4.1p1/bin/
PATH: /usr/bin
PATH: /usr/lib64/qt-3.3/bin
PATH: /usr/local/bin
PATH: /usr/bin
PATH: /bin
PATH: /usr/local/sbin
PATH: /usr/sbin
PATH: /sbin
PATH: /opt/intel/composer_xe_2011_sp1.8.273/mpirt/bin/intel64
PATH: /opt/intel/composer_xe_2011_sp1.7.256/mpirt/bin/intel64
PATH: /usr/local/MATLAB/R2010b/bin/
PATH: /usr/local/netcdf/4.0.1/bin/
PATH: /opt/intel/composer_xe_2011_sp1.8.273/mpirt/bin/intel64
PATH: /opt/intel/composer_xe_2011_sp1.7.256/mpirt/bin/intel64
PATH: /home/gpgao/bin
PATH: /opt/intel/composer_xe_2011_sp1.8.273/mpirt/bin/intel64
PATH: /opt/intel/composer_xe_2011_sp1.7.256/mpirt/bin/intel64
PATH: /usr/local/MATLAB/R2010b/bin/
PATH: /usr/local/netcdf/4.0.1/bin/
PATH: /opt/intel/composer_xe_2011_sp1.8.273/mpirt/bin/intel64
PATH: /opt/intel/composer_xe_2011_sp1.7.256/mpirt/bin/intel64


## ----------- ##
## Core tests. ##
## ----------- ##

configure:1839: checking for a BSD-compatible install
configure:1907: result: /usr/bin/install -c
configure:1918: checking whether build environment is sane
configure:1961: result: yes
configure:2023: checking for gawk
configure:2039: found /usr/bin/gawk
configure:2050: result: gawk
configure:2061: checking whether make sets $(MAKE)
configure:2083: result: yes
configure:2311: checking for gcc
configure:2338: result: mpicc
configure:2570: checking for C compiler version
configure:2578: mpicc --version >&5
icc (ICC) 12.1.2 20111128
Copyright (C) 1985-2011 Intel Corporation.  All rights reserved.

configure:2582: $? = 0
configure:2589: mpicc -v >&5
mpicc for MPICH2 version 1.2.1p1
icc version 12.1.2 (gcc version 4.4.6 compatibility)
configure:2593: $? = 0
configure:2600: mpicc -V >&5
Intel(R) C Intel(R) 64 Compiler XE for applications running on Intel(R) 64, Version 12.1.2.273 Build 20111128
Copyright (C) 1985-2011 Intel Corporation.  All rights reserved.
FOR NON-COMMERCIAL USE ONLY

configure:2604: $? = 0
configure:2627: checking for C compiler default output file name
configure:2649: mpicc -O3 -DIFORT    conftest.c  >&5
configure:2653: $? = 0
configure:2691: result: a.out
configure:2710: checking whether the C compiler works
configure:2720: ./a.out
configure:2724: $? = 0
configure:2743: result: yes
configure:2750: checking whether we are cross compiling
configure:2752: result: no
configure:2755: checking for suffix of executables
configure:2762: mpicc -o conftest -O3 -DIFORT    conftest.c  >&5
configure:2766: $? = 0
configure:2792: result: 
configure:2798: checking for suffix of object files
configure:2824: mpicc -c -O3 -DIFORT   conftest.c >&5
configure:2828: $? = 0
configure:2853: result: o
configure:2857: checking whether we are using the GNU C compiler
configure:2886: mpicc -c -O3 -DIFORT   conftest.c >&5
configure:2893: $? = 0
configure:2910: result: yes
configure:2919: checking whether mpicc accepts -g
configure:2949: mpicc -c -g -DIFORT   conftest.c >&5
configure:2956: $? = 0
configure:3057: result: yes
configure:3074: checking for mpicc option to accept ISO C89
configure:3148: mpicc  -c -O3 -DIFORT   conftest.c >&5
configure:3155: $? = 0
configure:3178: result: none needed
configure:3207: checking for style of include used by make
configure:3235: result: GNU
configure:3263: checking dependency style of mpicc
configure:3353: result: gcc3
configure:3413: checking for ranlib
configure:3429: found /usr/bin/ranlib
configure:3440: result: ranlib
configure:3568: checking for Fortran compiler version
configure:3576: mpif90 --version >&5
ifort (IFORT) 12.1.0 20111011
Copyright (C) 1985-2011 Intel Corporation.  All rights reserved.

configure:3580: $? = 0
configure:3587: mpif90 -v >&5
mpif90 for MPICH2 version 1.2.1p1
ifort version 12.1.0
configure:3591: $? = 0
configure:3598: mpif90 -V >&5
Intel(R) Fortran Intel(R) 64 Compiler XE for applications running on Intel(R) 64, Version 12.1.1.256 Build 20111011
Copyright (C) 1985-2011 Intel Corporation.  All rights reserved.
FOR NON-COMMERCIAL USE ONLY

configure:3602: $? = 0
configure:3610: checking whether we are using the GNU Fortran compiler
configure:3629: mpif90 -c   conftest.F >&5
conftest.F(3): error #5082: Syntax error, found END-OF-STATEMENT when expecting one of: ( % [ : . = =>
       choke me
---------------^
conftest.F(3): error #6218: This statement is positioned incorrectly and/or has syntax errors.
       choke me
---------------^
compilation aborted for conftest.F (code 1)
configure:3636: $? = 1
configure: failed program was:
|       program main
| #ifndef __GNUC__
|        choke me
| #endif
| 
|       end
configure:3653: result: no
configure:3659: checking whether mpif90 accepts -g
configure:3676: mpif90 -c -g  conftest.f >&5
configure:3683: $? = 0
configure:3699: result: yes
configure:3733: checking for Fortran flag to compile .f90 files
configure:3755: mpif90 -c -g  conftest.f90 >&5
configure:3762: $? = 0
configure:3781: result: none
configure:3815: mpif90 -c -g  conftest.f90 >&5
configure:3822: $? = 0
configure:3850: checking for exp in -lm
configure:3885: mpicc -o conftest -O3 -DIFORT    conftest.c -lm   >&5
configure:3892: $? = 0
configure:3913: result: yes
configure:3931: result: proj4 location: /data00/gpgao/FVCOM/Test_ice_1D/FVCOM31_source/libs/install
configure:3938: checking for pj_init in -lproj
configure:3973: mpicc -o conftest -O3 -DIFORT   -I/data00/gpgao/FVCOM/Test_ice_1D/FVCOM31_source/libs/install/include  -L/data00/gpgao/FVCOM/Test_ice_1D/FVCOM31_source/libs/install/lib conftest.c -lproj  -lm  >&5
configure:3980: $? = 0
configure:4001: result: yes
configure:4175: creating ./config.status

## ---------------- ##
## Cache variables. ##
## ---------------- ##

ac_cv_c_compiler_gnu=yes
ac_cv_env_CC_set=set
ac_cv_env_CC_value=mpicc
ac_cv_env_CFLAGS_set=set
ac_cv_env_CFLAGS_value=-O3
ac_cv_env_CPPFLAGS_set=set
ac_cv_env_CPPFLAGS_value='-DIFORT  '
ac_cv_env_FCFLAGS_set=
ac_cv_env_FCFLAGS_value=
ac_cv_env_FC_set=set
ac_cv_env_FC_value=mpif90
ac_cv_env_LDFLAGS_set=
ac_cv_env_LDFLAGS_value=
ac_cv_env_LIBS_set=
ac_cv_env_LIBS_value=
ac_cv_env_build_alias_set=
ac_cv_env_build_alias_value=
ac_cv_env_host_alias_set=
ac_cv_env_host_alias_value=
ac_cv_env_target_alias_set=
ac_cv_env_target_alias_value=
ac_cv_fc_compiler_gnu=no
ac_cv_fc_srcext_f90=none
ac_cv_lib_m_exp=yes
ac_cv_lib_proj_pj_init=yes
ac_cv_objext=o
ac_cv_path_install='/usr/bin/install -c'
ac_cv_prog_AWK=gawk
ac_cv_prog_ac_ct_CC=mpicc
ac_cv_prog_ac_ct_RANLIB=ranlib
ac_cv_prog_cc_c89=
ac_cv_prog_cc_g=yes
ac_cv_prog_fc_g=yes
ac_cv_prog_make_make_set=yes
am_cv_CC_dependencies_compiler_type=gcc3

## ----------------- ##
## Output variables. ##
## ----------------- ##

ACLOCAL='${SHELL} /data00/gpgao/FVCOM/Test_ice_1D/Test_New_Qi/FVCOM_New_Ice_1D/FVCOM31_source/libs/fproj/missing --run aclocal-1.9'
AMDEPBACKSLASH='\'
AMDEP_FALSE='#'
AMDEP_TRUE=''
AMTAR='${SHELL} /data00/gpgao/FVCOM/Test_ice_1D/Test_New_Qi/FVCOM_New_Ice_1D/FVCOM31_source/libs/fproj/missing --run tar'
AUTOCONF='${SHELL} /data00/gpgao/FVCOM/Test_ice_1D/Test_New_Qi/FVCOM_New_Ice_1D/FVCOM31_source/libs/fproj/missing --run autoconf'
AUTOHEADER='${SHELL} /data00/gpgao/FVCOM/Test_ice_1D/Test_New_Qi/FVCOM_New_Ice_1D/FVCOM31_source/libs/fproj/missing --run autoheader'
AUTOMAKE='${SHELL} /data00/gpgao/FVCOM/Test_ice_1D/Test_New_Qi/FVCOM_New_Ice_1D/FVCOM31_source/libs/fproj/missing --run automake-1.9'
AWK='gawk'
CC='mpicc'
CCDEPMODE='depmode=gcc3'
CFLAGS='-O3'
CPPFLAGS='-DIFORT   -I/data00/gpgao/FVCOM/Test_ice_1D/FVCOM31_source/libs/install/include'
CYGPATH_W='echo'
DEFS='-DPACKAGE_NAME=\"libfproj4\" -DPACKAGE_TARNAME=\"libfproj4\" -DPACKAGE_VERSION=\"1.0\" -DPACKAGE_STRING=\"libfproj4\ 1.0\" -DPACKAGE_BUGREPORT=\"Magnus.Hagdorn@ed.ac.uk\" -DPACKAGE=\"libfproj4\" -DVERSION=\"1.0\" -DHAVE_LIBM=1 -DHAVE_LIBPROJ=1'
DEPDIR='.deps'
ECHO_C=''
ECHO_N='-n'
ECHO_T=''
EXEEXT=''
FC='mpif90'
FCFLAGS='-g'
FCFLAGS_f90=''
INSTALL_DATA='${INSTALL} -m 644'
INSTALL_PROGRAM='${INSTALL}'
INSTALL_SCRIPT='${INSTALL}'
INSTALL_STRIP_PROGRAM='${SHELL} $(install_sh) -c -s'
LDFLAGS=' -L/data00/gpgao/FVCOM/Test_ice_1D/FVCOM31_source/libs/install/lib'
LIBOBJS=''
LIBS='-lproj -lm '
LTLIBOBJS=''
MAKEINFO='${SHELL} /data00/gpgao/FVCOM/Test_ice_1D/Test_New_Qi/FVCOM_New_Ice_1D/FVCOM31_source/libs/fproj/missing --run makeinfo'
OBJEXT='o'
PACKAGE='libfproj4'
PACKAGE_BUGREPORT='Magnus.Hagdorn@ed.ac.uk'
PACKAGE_NAME='libfproj4'
PACKAGE_STRING='libfproj4 1.0'
PACKAGE_TARNAME='libfproj4'
PACKAGE_VERSION='1.0'
PATH_SEPARATOR=':'
RANLIB='ranlib'
SET_MAKE=''
SHELL='/bin/sh'
STRIP=''
VERSION='1.0'
ac_ct_CC='mpicc'
ac_ct_FC=''
am__fastdepCC_FALSE='#'
am__fastdepCC_TRUE=''
am__include='include'
am__leading_dot='.'
am__quote=''
am__tar='${AMTAR} chof - "$$tardir"'
am__untar='${AMTAR} xf -'
bindir='${exec_prefix}/bin'
build_alias=''
datadir='${datarootdir}'
datarootdir='${prefix}/share'
docdir='${datarootdir}/doc/${PACKAGE_TARNAME}'
dvidir='${docdir}'
exec_prefix='${prefix}'
host_alias=''
htmldir='${docdir}'
includedir='${prefix}/include'
infodir='${datarootdir}/info'
install_sh='/data00/gpgao/FVCOM/Test_ice_1D/Test_New_Qi/FVCOM_New_Ice_1D/FVCOM31_source/libs/fproj/install-sh'
libdir='${exec_prefix}/lib'
libexecdir='${exec_prefix}/libexec'
localedir='${datarootdir}/locale'
localstatedir='${prefix}/var'
mandir='${datarootdir}/man'
mkdir_p='mkdir -p --'
oldincludedir='/usr/include'
pdfdir='${docdir}'
prefix='/data00/gpgao/FVCOM/Test_ice_1D/FVCOM31_source/libs/install'
program_transform_name='s,x,x,'
psdir='${docdir}'
sbindir='${exec_prefix}/sbin'
sharedstatedir='${prefix}/com'
sysconfdir='${prefix}/etc'
target_alias=''

## ----------- ##
## confdefs.h. ##
## ----------- ##

#define PACKAGE_NAME "libfproj4"
#define PACKAGE_TARNAME "libfproj4"
#define PACKAGE_VERSION "1.0"
#define PACKAGE_STRING "libfproj4 1.0"
#define PACKAGE_BUGREPORT "Magnus.Hagdorn@ed.ac.uk"
#define PACKAGE "libfproj4"
#define VERSION "1.0"
#define HAVE_LIBM 1
#define HAVE_LIBPROJ 1

configure: exit 0

## ---------------------- ##
## Running config.status. ##
## ---------------------- ##

This file was extended by libfproj4 config.status 1.0, which was
generated by GNU Autoconf 2.63.  Invocation command line was

  CONFIG_FILES    = 
  CONFIG_HEADERS  = 
  CONFIG_LINKS    = 
  CONFIG_COMMANDS = 
  $ ./config.status 

on localhost.localdomain

config.status:689: creating Makefile
config.status:836: WARNING:  'Makefile.in' seems to ignore the --datarootdir setting
config.status:894: executing depfiles commands
